\BOOKMARK [1][-]{section.1}{Simulator}{}% 1
\BOOKMARK [1][-]{section.2}{Extension}{}% 2
\BOOKMARK [1][-]{section.3}{User-Interface design}{}% 3
\BOOKMARK [1][-]{section.4}{Sequence diagrams}{}% 4
\BOOKMARK [2][-]{subsection.4.1}{Login with Social Media}{section.4}% 5
\BOOKMARK [1][-]{section.5}{Class diagrams}{}% 6
\BOOKMARK [2][-]{subsection.5.1}{Main class diagram}{section.5}% 7
\BOOKMARK [3][-]{subsubsection.5.1.1}{Transfer class}{subsection.5.1}% 8
\BOOKMARK [3][-]{subsubsection.5.1.2}{Member class}{subsection.5.1}% 9
\BOOKMARK [3][-]{subsubsection.5.1.3}{Help class}{subsection.5.1}% 10
\BOOKMARK [2][-]{subsection.5.2}{Verified member diagram}{section.5}% 11
\BOOKMARK [2][-]{subsection.5.3}{Preferences and Address diagrams}{section.5}% 12
\BOOKMARK [1][-]{section.6}{Team Organization}{}% 13
\BOOKMARK [2][-]{subsection.6.1}{Trello}{section.6}% 14
\BOOKMARK [2][-]{subsection.6.2}{Github}{section.6}% 15
\BOOKMARK [2][-]{subsection.6.3}{Facebook}{section.6}% 16
\BOOKMARK [1][-]{section.7}{Data}{}% 17
\BOOKMARK [2][-]{subsection.7.1}{Object-Role Modeling Schema}{section.7}% 18
\BOOKMARK [2][-]{subsection.7.2}{Object-Relational Mapping}{section.7}% 19
\BOOKMARK [2][-]{subsection.7.3}{Best practices}{section.7}% 20
\BOOKMARK [3][-]{subsubsection.7.3.1}{Coding Style}{subsection.7.3}% 21
\BOOKMARK [3][-]{subsubsection.7.3.2}{Code Reviews}{subsection.7.3}% 22
\BOOKMARK [3][-]{subsubsection.7.3.3}{Unit Testing}{subsection.7.3}% 23
\BOOKMARK [3][-]{subsubsection.7.3.4}{Existing library}{subsection.7.3}% 24
