\BOOKMARK [1][-]{section.1}{Introduction}{}% 1
\BOOKMARK [1][-]{section.2}{Product}{}% 2
\BOOKMARK [2][-]{subsection.2.1}{Features}{section.2}% 3
\BOOKMARK [3][-]{subsubsection.2.1.1}{Sign in}{subsection.2.1}% 4
\BOOKMARK [3][-]{subsubsection.2.1.2}{Profile}{subsection.2.1}% 5
\BOOKMARK [2][-]{subsection.2.2}{Statistics}{section.2}% 6
\BOOKMARK [3][-]{subsubsection.2.2.1}{Individual statistics}{subsection.2.2}% 7
\BOOKMARK [3][-]{subsubsection.2.2.2}{Branch statistics}{subsection.2.2}% 8
\BOOKMARK [3][-]{subsubsection.2.2.3}{Global statistics}{subsection.2.2}% 9
\BOOKMARK [1][-]{section.3}{Changes from previous reports}{}% 10
\BOOKMARK [1][-]{section.4}{Technical discussion}{}% 11
\BOOKMARK [2][-]{subsection.4.1}{Virtual Environment}{section.4}% 12
\BOOKMARK [2][-]{subsection.4.2}{Create the database}{section.4}% 13
\BOOKMARK [2][-]{subsection.4.3}{Run the project}{section.4}% 14
\BOOKMARK [2][-]{subsection.4.4}{File hierarchy}{section.4}% 15
\BOOKMARK [2][-]{subsection.4.5}{Django : How does it works ? A simple example}{section.4}% 16
\BOOKMARK [3][-]{subsubsection.4.5.1}{Models}{subsection.4.5}% 17
\BOOKMARK [3][-]{subsubsection.4.5.2}{View}{subsection.4.5}% 18
\BOOKMARK [3][-]{subsubsection.4.5.3}{URLs}{subsection.4.5}% 19
\BOOKMARK [3][-]{subsubsection.4.5.4}{Template}{subsection.4.5}% 20
\BOOKMARK [1][-]{section.5}{Conclusion}{}% 21
